android/app/build/intermediates/manifest_merge_blame_file/debug/manifest-merger-blame-debug-report.txt
1<?xml version="1.0" encoding="utf-8"?>
2<manifest xmlns:android="http://schemas.android.com/apk/res/android"
3    package="com.engarde"
4    android:versionCode="1"
5    android:versionName="1.0" >
6
7    <uses-sdk
8        android:minSdkVersion="24"
9        android:targetSdkVersion="29" />
10
11    <uses-permission android:name="android.permission.SYSTEM_ALERT_WINDOW" />
11-->src/debug/AndroidManifest.xml:5:5-77
11-->src/debug/AndroidManifest.xml:5:22-75
12    <uses-permission android:name="android.permission.INTERNET" />
12-->src/main/AndroidManifest.xml:4:5-67
12-->src/main/AndroidManifest.xml:4:22-64
13    <uses-permission android:name="android.permission.ACCESS_FINE_LOCATION" />
13-->src/main/AndroidManifest.xml:5:5-79
13-->src/main/AndroidManifest.xml:5:22-76
14    <uses-permission android:name="android.permission.ACCESS_WIFI_STATE" />
14-->[com.facebook.flipper:flipper:0.54.0] AndroidManifest.xml:16:5-76
14-->[com.facebook.flipper:flipper:0.54.0] AndroidManifest.xml:16:22-73
15    <uses-permission android:name="android.permission.ACCESS_COARSE_LOCATION" />
15-->[:react-native-maps] AndroidManifest.xml:10:5-81
15-->[:react-native-maps] AndroidManifest.xml:10:22-78
16    <uses-permission android:name="android.permission.QUERY_ALL_PACKAGES" />
16-->[:react-native-inappbrowser-reborn] AndroidManifest.xml:12:5-77
16-->[:react-native-inappbrowser-reborn] AndroidManifest.xml:12:22-74
17
18    <queries>
18-->[:react-native-inappbrowser-reborn] AndroidManifest.xml:14:5-18:15
19        <intent>
19-->[:react-native-inappbrowser-reborn] AndroidManifest.xml:15:9-17:18
20            <action android:name="android.support.customtabs.action.CustomTabsService" />
20-->[:react-native-inappbrowser-reborn] AndroidManifest.xml:16:13-90
20-->[:react-native-inappbrowser-reborn] AndroidManifest.xml:16:21-87
21        </intent>
22    </queries> <!-- Include required permissions for Google Maps API to run. -->
23    <uses-permission android:name="android.permission.ACCESS_NETWORK_STATE" />
23-->[com.google.android.gms:play-services-maps:17.0.0] AndroidManifest.xml:23:5-79
23-->[com.google.android.gms:play-services-maps:17.0.0] AndroidManifest.xml:23:22-76
24
25    <uses-feature
25-->[com.google.android.gms:play-services-maps:17.0.0] AndroidManifest.xml:26:5-28:35
26        android:glEsVersion="0x00020000"
26-->[com.google.android.gms:play-services-maps:17.0.0] AndroidManifest.xml:27:9-41
27        android:required="true" />
27-->[com.google.android.gms:play-services-maps:17.0.0] AndroidManifest.xml:28:9-32
28
29    <uses-permission android:name="android.permission.WAKE_LOCK" />
29-->[androidx.work:work-runtime:2.5.0] AndroidManifest.xml:25:5-68
29-->[androidx.work:work-runtime:2.5.0] AndroidManifest.xml:25:22-65
30    <uses-permission android:name="android.permission.RECEIVE_BOOT_COMPLETED" />
30-->[androidx.work:work-runtime:2.5.0] AndroidManifest.xml:27:5-81
30-->[androidx.work:work-runtime:2.5.0] AndroidManifest.xml:27:22-78
31    <uses-permission android:name="android.permission.FOREGROUND_SERVICE" />
31-->[androidx.work:work-runtime:2.5.0] AndroidManifest.xml:28:5-77
31-->[androidx.work:work-runtime:2.5.0] AndroidManifest.xml:28:22-74
32
33    <application
33-->src/main/AndroidManifest.xml:7:5-51:19
34        android:name="com.engarde.MainApplication"
34-->src/main/AndroidManifest.xml:8:7-38
35        android:allowBackup="false"
35-->src/main/AndroidManifest.xml:12:7-34
36        android:appComponentFactory="androidx.core.app.CoreComponentFactory"
36-->[androidx.core:core:1.2.0] AndroidManifest.xml:24:18-86
37        android:debuggable="true"
38        android:extractNativeLibs="false"
39        android:icon="@mipmap/ic_launcher"
39-->src/main/AndroidManifest.xml:10:7-41
40        android:label="@string/app_name"
40-->src/main/AndroidManifest.xml:9:7-39
41        android:roundIcon="@mipmap/ic_launcher"
41-->src/main/AndroidManifest.xml:11:7-46
42        android:theme="@style/AppTheme"
42-->src/main/AndroidManifest.xml:13:7-38
43        android:usesCleartextTraffic="true" > <!-- You will only need to add this meta-data tag, but make sure it's a child of application -->
43-->src/debug/AndroidManifest.xml:7:18-53
44        <meta-data
44-->src/main/AndroidManifest.xml:15:4-17:63
45            android:name="com.google.android.geo.API_KEY"
45-->src/main/AndroidManifest.xml:16:6-51
46            android:value="AIzaSyDhf_rYx2akFf7B5wznCVgoyrg9iN6xP5M" /> <!-- You will also only need to add this uses-library tag -->
46-->src/main/AndroidManifest.xml:17:6-61
47        <uses-library
47-->src/main/AndroidManifest.xml:20:4-82
48            android:name="org.apache.http.legacy"
48-->src/main/AndroidManifest.xml:20:18-55
49            android:required="false" />
49-->src/main/AndroidManifest.xml:20:56-80
50
51        <activity
51-->src/main/AndroidManifest.xml:22:7-30:18
52            android:name="com.engarde.SplashActivity"
52-->src/main/AndroidManifest.xml:23:7-37
53            android:label="@string/app_name"
53-->src/main/AndroidManifest.xml:25:7-39
54            android:theme="@style/SplashTheme" >
54-->src/main/AndroidManifest.xml:24:7-41
55            <intent-filter>
55-->src/main/AndroidManifest.xml:26:7-29:23
56                <action android:name="android.intent.action.MAIN" />
56-->src/main/AndroidManifest.xml:27:7-59
56-->src/main/AndroidManifest.xml:27:15-56
57
58                <category android:name="android.intent.category.LAUNCHER" />
58-->src/main/AndroidManifest.xml:28:7-67
58-->src/main/AndroidManifest.xml:28:17-64
59            </intent-filter>
60        </activity>
61        <activity
61-->src/main/AndroidManifest.xml:32:7-49:18
62            android:name="com.engarde.MainActivity"
62-->src/main/AndroidManifest.xml:33:9-37
63            android:configChanges="keyboard|keyboardHidden|orientation|screenSize|uiMode"
63-->src/main/AndroidManifest.xml:36:9-86
64            android:exported="true"
64-->src/main/AndroidManifest.xml:39:9-32
65            android:label="@string/app_name"
65-->src/main/AndroidManifest.xml:34:9-41
66            android:launchMode="singleTask"
66-->src/main/AndroidManifest.xml:37:9-40
67            android:screenOrientation="portrait"
67-->src/main/AndroidManifest.xml:35:9-45
68            android:windowSoftInputMode="adjustResize" >
68-->src/main/AndroidManifest.xml:38:9-51
69
70            <!-- deep linking -->
71            <intent-filter>
71-->src/main/AndroidManifest.xml:42:5-47:21
72                <action android:name="android.intent.action.VIEW" />
72-->src/main/AndroidManifest.xml:43:5-57
72-->src/main/AndroidManifest.xml:43:13-54
73
74                <category android:name="android.intent.category.DEFAULT" />
74-->src/main/AndroidManifest.xml:44:5-64
74-->src/main/AndroidManifest.xml:44:15-61
75                <category android:name="android.intent.category.BROWSABLE" />
75-->src/main/AndroidManifest.xml:45:5-66
75-->src/main/AndroidManifest.xml:45:15-63
76
77                <data
77-->src/main/AndroidManifest.xml:46:5-81
78                    host="wwww.engarde.com"
78-->src/main/AndroidManifest.xml:46:36-59
79                    pathPrefix="/login"
79-->src/main/AndroidManifest.xml:46:60-79
80                    android:scheme="engarde" />
80-->src/main/AndroidManifest.xml:46:11-35
81            </intent-filter>
82        </activity>
83        <activity android:name="com.facebook.react.devsupport.DevSettingsActivity" />
83-->src/main/AndroidManifest.xml:50:3-80
83-->src/main/AndroidManifest.xml:50:13-77
84        <activity android:name="com.proyecto26.inappbrowser.ChromeTabsManagerActivity" >
84-->[:react-native-inappbrowser-reborn] AndroidManifest.xml:21:9-22:20
84-->[:react-native-inappbrowser-reborn] AndroidManifest.xml:21:19-87
85        </activity>
86        <activity
86-->[com.google.android.gms:play-services-base:17.2.1] AndroidManifest.xml:23:9-26:75
87            android:name="com.google.android.gms.common.api.GoogleApiActivity"
87-->[com.google.android.gms:play-services-base:17.2.1] AndroidManifest.xml:24:13-79
88            android:exported="false"
88-->[com.google.android.gms:play-services-base:17.2.1] AndroidManifest.xml:25:13-37
89            android:theme="@android:style/Theme.Translucent.NoTitleBar" />
89-->[com.google.android.gms:play-services-base:17.2.1] AndroidManifest.xml:26:13-72
90
91        <provider
91-->[androidx.work:work-runtime:2.5.0] AndroidManifest.xml:31:9-37:35
92            android:name="androidx.work.impl.WorkManagerInitializer"
92-->[androidx.work:work-runtime:2.5.0] AndroidManifest.xml:32:13-69
93            android:authorities="com.engarde.workmanager-init"
93-->[androidx.work:work-runtime:2.5.0] AndroidManifest.xml:33:13-68
94            android:directBootAware="false"
94-->[androidx.work:work-runtime:2.5.0] AndroidManifest.xml:34:13-44
95            android:exported="false"
95-->[androidx.work:work-runtime:2.5.0] AndroidManifest.xml:35:13-37
96            android:multiprocess="true" />
96-->[androidx.work:work-runtime:2.5.0] AndroidManifest.xml:36:13-40
97
98        <service
98-->[androidx.work:work-runtime:2.5.0] AndroidManifest.xml:39:9-44:35
99            android:name="androidx.work.impl.background.systemalarm.SystemAlarmService"
99-->[androidx.work:work-runtime:2.5.0] AndroidManifest.xml:40:13-88
100            android:directBootAware="false"
100-->[androidx.work:work-runtime:2.5.0] AndroidManifest.xml:41:13-44
101            android:enabled="@bool/enable_system_alarm_service_default"
101-->[androidx.work:work-runtime:2.5.0] AndroidManifest.xml:42:13-72
102            android:exported="false" />
102-->[androidx.work:work-runtime:2.5.0] AndroidManifest.xml:43:13-37
103        <service
103-->[androidx.work:work-runtime:2.5.0] AndroidManifest.xml:45:9-51:35
104            android:name="androidx.work.impl.background.systemjob.SystemJobService"
104-->[androidx.work:work-runtime:2.5.0] AndroidManifest.xml:46:13-84
105            android:directBootAware="false"
105-->[androidx.work:work-runtime:2.5.0] AndroidManifest.xml:47:13-44
106            android:enabled="@bool/enable_system_job_service_default"
106-->[androidx.work:work-runtime:2.5.0] AndroidManifest.xml:48:13-70
107            android:exported="true"
107-->[androidx.work:work-runtime:2.5.0] AndroidManifest.xml:49:13-36
108            android:permission="android.permission.BIND_JOB_SERVICE" />
108-->[androidx.work:work-runtime:2.5.0] AndroidManifest.xml:50:13-69
109        <service
109-->[androidx.work:work-runtime:2.5.0] AndroidManifest.xml:52:9-57:35
110            android:name="androidx.work.impl.foreground.SystemForegroundService"
110-->[androidx.work:work-runtime:2.5.0] AndroidManifest.xml:53:13-81
111            android:directBootAware="false"
111-->[androidx.work:work-runtime:2.5.0] AndroidManifest.xml:54:13-44
112            android:enabled="@bool/enable_system_foreground_service_default"
112-->[androidx.work:work-runtime:2.5.0] AndroidManifest.xml:55:13-77
113            android:exported="false" />
113-->[androidx.work:work-runtime:2.5.0] AndroidManifest.xml:56:13-37
114
115        <receiver
115-->[androidx.work:work-runtime:2.5.0] AndroidManifest.xml:59:9-64:35
116            android:name="androidx.work.impl.utils.ForceStopRunnable$BroadcastReceiver"
116-->[androidx.work:work-runtime:2.5.0] AndroidManifest.xml:60:13-88
117            android:directBootAware="false"
117-->[androidx.work:work-runtime:2.5.0] AndroidManifest.xml:61:13-44
118            android:enabled="true"
118-->[androidx.work:work-runtime:2.5.0] AndroidManifest.xml:62:13-35
119            android:exported="false" />
119-->[androidx.work:work-runtime:2.5.0] AndroidManifest.xml:63:13-37
120        <receiver
120-->[androidx.work:work-runtime:2.5.0] AndroidManifest.xml:65:9-75:20
121            android:name="androidx.work.impl.background.systemalarm.ConstraintProxy$BatteryChargingProxy"
121-->[androidx.work:work-runtime:2.5.0] AndroidManifest.xml:66:13-106
122            android:directBootAware="false"
122-->[androidx.work:work-runtime:2.5.0] AndroidManifest.xml:67:13-44
123            android:enabled="false"
123-->[androidx.work:work-runtime:2.5.0] AndroidManifest.xml:68:13-36
124            android:exported="false" >
124-->[androidx.work:work-runtime:2.5.0] AndroidManifest.xml:69:13-37
125            <intent-filter>
125-->[androidx.work:work-runtime:2.5.0] AndroidManifest.xml:71:13-74:29
126                <action android:name="android.intent.action.ACTION_POWER_CONNECTED" />
126-->[androidx.work:work-runtime:2.5.0] AndroidManifest.xml:72:17-87
126-->[androidx.work:work-runtime:2.5.0] AndroidManifest.xml:72:25-84
127                <action android:name="android.intent.action.ACTION_POWER_DISCONNECTED" />
127-->[androidx.work:work-runtime:2.5.0] AndroidManifest.xml:73:17-90
127-->[androidx.work:work-runtime:2.5.0] AndroidManifest.xml:73:25-87
128            </intent-filter>
129        </receiver>
130        <receiver
130-->[androidx.work:work-runtime:2.5.0] AndroidManifest.xml:76:9-86:20
131            android:name="androidx.work.impl.background.systemalarm.ConstraintProxy$BatteryNotLowProxy"
131-->[androidx.work:work-runtime:2.5.0] AndroidManifest.xml:77:13-104
132            android:directBootAware="false"
132-->[androidx.work:work-runtime:2.5.0] AndroidManifest.xml:78:13-44
133            android:enabled="false"
133-->[androidx.work:work-runtime:2.5.0] AndroidManifest.xml:79:13-36
134            android:exported="false" >
134-->[androidx.work:work-runtime:2.5.0] AndroidManifest.xml:80:13-37
135            <intent-filter>
135-->[androidx.work:work-runtime:2.5.0] AndroidManifest.xml:82:13-85:29
136                <action android:name="android.intent.action.BATTERY_OKAY" />
136-->[androidx.work:work-runtime:2.5.0] AndroidManifest.xml:83:17-77
136-->[androidx.work:work-runtime:2.5.0] AndroidManifest.xml:83:25-74
137                <action android:name="android.intent.action.BATTERY_LOW" />
137-->[androidx.work:work-runtime:2.5.0] AndroidManifest.xml:84:17-76
137-->[androidx.work:work-runtime:2.5.0] AndroidManifest.xml:84:25-73
138            </intent-filter>
139        </receiver>
140        <receiver
140-->[androidx.work:work-runtime:2.5.0] AndroidManifest.xml:87:9-97:20
141            android:name="androidx.work.impl.background.systemalarm.ConstraintProxy$StorageNotLowProxy"
141-->[androidx.work:work-runtime:2.5.0] AndroidManifest.xml:88:13-104
142            android:directBootAware="false"
142-->[androidx.work:work-runtime:2.5.0] AndroidManifest.xml:89:13-44
143            android:enabled="false"
143-->[androidx.work:work-runtime:2.5.0] AndroidManifest.xml:90:13-36
144            android:exported="false" >
144-->[androidx.work:work-runtime:2.5.0] AndroidManifest.xml:91:13-37
145            <intent-filter>
145-->[androidx.work:work-runtime:2.5.0] AndroidManifest.xml:93:13-96:29
146                <action android:name="android.intent.action.DEVICE_STORAGE_LOW" />
146-->[androidx.work:work-runtime:2.5.0] AndroidManifest.xml:94:17-83
146-->[androidx.work:work-runtime:2.5.0] AndroidManifest.xml:94:25-80
147                <action android:name="android.intent.action.DEVICE_STORAGE_OK" />
147-->[androidx.work:work-runtime:2.5.0] AndroidManifest.xml:95:17-82
147-->[androidx.work:work-runtime:2.5.0] AndroidManifest.xml:95:25-79
148            </intent-filter>
149        </receiver>
150        <receiver
150-->[androidx.work:work-runtime:2.5.0] AndroidManifest.xml:98:9-107:20
151            android:name="androidx.work.impl.background.systemalarm.ConstraintProxy$NetworkStateProxy"
151-->[androidx.work:work-runtime:2.5.0] AndroidManifest.xml:99:13-103
152            android:directBootAware="false"
152-->[androidx.work:work-runtime:2.5.0] AndroidManifest.xml:100:13-44
153            android:enabled="false"
153-->[androidx.work:work-runtime:2.5.0] AndroidManifest.xml:101:13-36
154            android:exported="false" >
154-->[androidx.work:work-runtime:2.5.0] AndroidManifest.xml:102:13-37
155            <intent-filter>
155-->[androidx.work:work-runtime:2.5.0] AndroidManifest.xml:104:13-106:29
156                <action android:name="android.net.conn.CONNECTIVITY_CHANGE" />
156-->[androidx.work:work-runtime:2.5.0] AndroidManifest.xml:105:17-79
156-->[androidx.work:work-runtime:2.5.0] AndroidManifest.xml:105:25-76
157            </intent-filter>
158        </receiver>
159        <receiver
159-->[androidx.work:work-runtime:2.5.0] AndroidManifest.xml:108:9-119:20
160            android:name="androidx.work.impl.background.systemalarm.RescheduleReceiver"
160-->[androidx.work:work-runtime:2.5.0] AndroidManifest.xml:109:13-88
161            android:directBootAware="false"
161-->[androidx.work:work-runtime:2.5.0] AndroidManifest.xml:110:13-44
162            android:enabled="false"
162-->[androidx.work:work-runtime:2.5.0] AndroidManifest.xml:111:13-36
163            android:exported="false" >
163-->[androidx.work:work-runtime:2.5.0] AndroidManifest.xml:112:13-37
164            <intent-filter>
164-->[androidx.work:work-runtime:2.5.0] AndroidManifest.xml:114:13-118:29
165                <action android:name="android.intent.action.BOOT_COMPLETED" />
165-->[androidx.work:work-runtime:2.5.0] AndroidManifest.xml:115:17-79
165-->[androidx.work:work-runtime:2.5.0] AndroidManifest.xml:115:25-76
166                <action android:name="android.intent.action.TIME_SET" />
166-->[androidx.work:work-runtime:2.5.0] AndroidManifest.xml:116:17-73
166-->[androidx.work:work-runtime:2.5.0] AndroidManifest.xml:116:25-70
167                <action android:name="android.intent.action.TIMEZONE_CHANGED" />
167-->[androidx.work:work-runtime:2.5.0] AndroidManifest.xml:117:17-81
167-->[androidx.work:work-runtime:2.5.0] AndroidManifest.xml:117:25-78
168            </intent-filter>
169        </receiver>
170        <receiver
170-->[androidx.work:work-runtime:2.5.0] AndroidManifest.xml:120:9-129:20
171            android:name="androidx.work.impl.background.systemalarm.ConstraintProxyUpdateReceiver"
171-->[androidx.work:work-runtime:2.5.0] AndroidManifest.xml:121:13-99
172            android:directBootAware="false"
172-->[androidx.work:work-runtime:2.5.0] AndroidManifest.xml:122:13-44
173            android:enabled="@bool/enable_system_alarm_service_default"
173-->[androidx.work:work-runtime:2.5.0] AndroidManifest.xml:123:13-72
174            android:exported="false" >
174-->[androidx.work:work-runtime:2.5.0] AndroidManifest.xml:124:13-37
175            <intent-filter>
175-->[androidx.work:work-runtime:2.5.0] AndroidManifest.xml:126:13-128:29
176                <action android:name="androidx.work.impl.background.systemalarm.UpdateProxies" />
176-->[androidx.work:work-runtime:2.5.0] AndroidManifest.xml:127:17-98
176-->[androidx.work:work-runtime:2.5.0] AndroidManifest.xml:127:25-95
177            </intent-filter>
178        </receiver>
179        <receiver
179-->[androidx.work:work-runtime:2.5.0] AndroidManifest.xml:130:9-140:20
180            android:name="androidx.work.impl.diagnostics.DiagnosticsReceiver"
180-->[androidx.work:work-runtime:2.5.0] AndroidManifest.xml:131:13-78
181            android:directBootAware="false"
181-->[androidx.work:work-runtime:2.5.0] AndroidManifest.xml:132:13-44
182            android:enabled="true"
182-->[androidx.work:work-runtime:2.5.0] AndroidManifest.xml:133:13-35
183            android:exported="true"
183-->[androidx.work:work-runtime:2.5.0] AndroidManifest.xml:134:13-36
184            android:permission="android.permission.DUMP" >
184-->[androidx.work:work-runtime:2.5.0] AndroidManifest.xml:135:13-57
185            <intent-filter>
185-->[androidx.work:work-runtime:2.5.0] AndroidManifest.xml:137:13-139:29
186                <action android:name="androidx.work.diagnostics.REQUEST_DIAGNOSTICS" />
186-->[androidx.work:work-runtime:2.5.0] AndroidManifest.xml:138:17-88
186-->[androidx.work:work-runtime:2.5.0] AndroidManifest.xml:138:25-85
187            </intent-filter>
188        </receiver>
189
190        <meta-data
190-->[com.google.android.gms:play-services-basement:17.2.1] AndroidManifest.xml:23:9-25:69
191            android:name="com.google.android.gms.version"
191-->[com.google.android.gms:play-services-basement:17.2.1] AndroidManifest.xml:24:13-58
192            android:value="@integer/google_play_services_version" />
192-->[com.google.android.gms:play-services-basement:17.2.1] AndroidManifest.xml:25:13-66
193
194        <service
194-->[androidx.room:room-runtime:2.2.5] AndroidManifest.xml:25:9-28:40
195            android:name="androidx.room.MultiInstanceInvalidationService"
195-->[androidx.room:room-runtime:2.2.5] AndroidManifest.xml:26:13-74
196            android:directBootAware="true"
196-->[androidx.room:room-runtime:2.2.5] AndroidManifest.xml:27:13-43
197            android:exported="false" />
197-->[androidx.room:room-runtime:2.2.5] AndroidManifest.xml:28:13-37
198    </application>
199
200</manifest>